[debug] [2024-04-28T14:51:50.081Z] ----------------------------------------------------------------------
[debug] [2024-04-28T14:51:50.085Z] Command:       C:\Program Files\nodejs\node.exe C:\Users\ic\AppData\Roaming\npm\node_modules\firebase-tools\lib\bin\firebase.js init
[debug] [2024-04-28T14:51:50.086Z] CLI Version:   13.7.5
[debug] [2024-04-28T14:51:50.086Z] Platform:      win32
[debug] [2024-04-28T14:51:50.087Z] Node Version:  v18.17.0
[debug] [2024-04-28T14:51:50.103Z] Time:          Sun Apr 28 2024 19:51:50 GMT+0500 (Pakistan Standard Time)
[debug] [2024-04-28T14:51:50.103Z] ----------------------------------------------------------------------
[debug] 
[debug] [2024-04-28T14:51:50.119Z] > command requires scopes: ["email","openid","https://www.googleapis.com/auth/cloudplatformprojects.readonly","https://www.googleapis.com/auth/firebase","https://www.googleapis.com/auth/cloud-platform"]
[debug] [2024-04-28T14:51:50.120Z] > authorizing via signed-in user (mkashan724@gmail.com)
[info] 
     ######## #### ########  ######## ########     ###     ######  ########
     ##        ##  ##     ## ##       ##     ##  ##   ##  ##       ##
     ######    ##  ########  ######   ########  #########  ######  ######
     ##        ##  ##    ##  ##       ##     ## ##     ##       ## ##
     ##       #### ##     ## ######## ########  ##     ##  ######  ########

You're about to initialize a Firebase project in this directory:

  E:\React Firebase\react-firebase

[info] 
=== Project Setup
[info] 
[info] First, let's associate this project directory with a Firebase project.
[info] You can create multiple project aliases by running firebase use --add, 
[info] but for now we'll just set up a default project.
[info] 
[debug] [2024-04-28T14:53:00.386Z] >>> [apiv2][query] GET https://firebase.googleapis.com/v1beta1/projects pageSize=100
[debug] [2024-04-28T14:53:01.312Z] <<< [apiv2][status] GET https://firebase.googleapis.com/v1beta1/projects 200
[debug] [2024-04-28T14:53:01.313Z] <<< [apiv2][body] GET https://firebase.googleapis.com/v1beta1/projects [omitted]
[info] i  Using project react-firebase-46f15 (React-Firebase) 
[info] 
=== Hosting Setup
[debug] [2024-04-28T14:55:03.299Z] >>> [apiv2][query] GET https://firebase.googleapis.com/v1beta1/projects/react-firebase-46f15 [none]
[debug] [2024-04-28T14:55:03.896Z] <<< [apiv2][status] GET https://firebase.googleapis.com/v1beta1/projects/react-firebase-46f15 200
[debug] [2024-04-28T14:55:03.897Z] <<< [apiv2][body] GET https://firebase.googleapis.com/v1beta1/projects/react-firebase-46f15 {"projectId":"react-firebase-46f15","projectNumber":"979182985000","displayName":"React-Firebase","name":"projects/react-firebase-46f15","resources":{"hostingSite":"react-firebase-46f15","storageBucket":"react-firebase-46f15.appspot.com","locationId":"us-central"},"state":"ACTIVE","etag":"1_e010e06a-4016-4a4f-a635-5a2f2fec7450"}
[info] 
[info] Your public directory is the folder (relative to your project directory) that
[info] will contain Hosting assets to be uploaded with firebase deploy. If you
[info] have a build process for your assets, use your build's output directory.
[info] 
[info] +  Wrote public/404.html 
[debug] [2024-04-28T14:56:38.098Z] >>> [apiv2][query] GET https://www.gstatic.com/firebasejs/releases.json [none]
[debug] [2024-04-28T14:56:40.341Z] <<< [apiv2][status] GET https://www.gstatic.com/firebasejs/releases.json 200
[debug] [2024-04-28T14:56:40.342Z] <<< [apiv2][body] GET https://www.gstatic.com/firebasejs/releases.json {"current":{"version":"10.11.1","browserURL":"https://www.gstatic.com/firebasejs/10.11.1/firebase.js","packageURL":"https://www.gstatic.com/firebasejs/10.11.1/firebase.tgz"},"live":{"version":"10.11","browserURL":"https://www.gstatic.com/firebasejs/live/10.11/firebase.js","packageURL":"https://www.gstatic.com/firebasejs/live/10.11/firebase.tgz"},"components":{"analytics":"https://www.gstatic.com/firebasejs/10.11.1/firebase-analytics.js","app":"https://www.gstatic.com/firebasejs/10.11.1/firebase-app.js","app-check":"https://www.gstatic.com/firebasejs/10.11.1/firebase-app-check.js","auth":"https://www.gstatic.com/firebasejs/10.11.1/firebase-auth.js","auth/cordova":"https://www.gstatic.com/firebasejs/10.11.1/firebase-auth/cordova.js","auth/web-extension":"https://www.gstatic.com/firebasejs/10.11.1/firebase-auth/web-extension.js","functions":"https://www.gstatic.com/firebasejs/10.11.1/firebase-functions.js","firestore":"https://www.gstatic.com/firebasejs/10.11.1/firebase-firestore.js","firestore/lite":"https://www.gstatic.com/firebasejs/10.11.1/firebase-firestore/lite.js","installations":"https://www.gstatic.com/firebasejs/10.11.1/firebase-installations.js","storage":"https://www.gstatic.com/firebasejs/10.11.1/firebase-storage.js","performance":"https://www.gstatic.com/firebasejs/10.11.1/firebase-performance.js","remote-config":"https://www.gstatic.com/firebasejs/10.11.1/firebase-remote-config.js","messaging":"https://www.gstatic.com/firebasejs/10.11.1/firebase-messaging.js","messaging/sw":"https://www.gstatic.com/firebasejs/10.11.1/firebase-messaging/sw.js","database":"https://www.gstatic.com/firebasejs/10.11.1/firebase-database.js","firestore.memory":"https://www.gstatic.com/firebasejs/10.11.1/firebase-firestore.memory.js"}}
[info] i  Skipping write of public/index.html 
[info] 
[info] i  Detected a .git folder at E:\React Firebase\react-firebase 
[info] i  Authorizing with GitHub to upload your service account to a GitHub repository's secrets store. 
[info] 
[info] Visit this URL on this device to log in:
[info] https://github.com/login/oauth/authorize?client_id=89cf50f02ac6aaed3484&state=863682072&redirect_uri=http%3A%2F%2Flocalhost%3A9005&scope=read%3Auser%20repo%20public_repo
[info] 
[info] Waiting for authentication...
[debug] [2024-04-28T14:57:14.309Z] >>> [apiv2][query] POST https://github.com/login/oauth/access_token [none]
[debug] [2024-04-28T14:57:14.309Z] >>> [apiv2][body] POST https://github.com/login/oauth/access_token [stream]
[debug] [2024-04-28T14:57:17.914Z] <<< [apiv2][status] POST https://github.com/login/oauth/access_token 200
[debug] [2024-04-28T14:57:17.914Z] <<< [apiv2][body] POST https://github.com/login/oauth/access_token {"access_token":"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","token_type":"bearer","scope":"read:user,repo"}
[debug] [2024-04-28T14:57:18.281Z] >>> [apiv2][query] GET https://api.github.com/user [none]
[debug] [2024-04-28T14:57:19.114Z] <<< [apiv2][status] GET https://api.github.com/user 200
[debug] [2024-04-28T14:57:19.116Z] <<< [apiv2][body] GET https://api.github.com/user {"login":"Kashan724","id":112327092,"node_id":"U_kgDOBrH5tA","avatar_url":"https://avatars.githubusercontent.com/u/112327092?v=4","gravatar_id":"","url":"https://api.github.com/users/Kashan724","html_url":"https://github.com/Kashan724","followers_url":"https://api.github.com/users/Kashan724/followers","following_url":"https://api.github.com/users/Kashan724/following{/other_user}","gists_url":"https://api.github.com/users/Kashan724/gists{/gist_id}","starred_url":"https://api.github.com/users/Kashan724/starred{/owner}{/repo}","subscriptions_url":"https://api.github.com/users/Kashan724/subscriptions","organizations_url":"https://api.github.com/users/Kashan724/orgs","repos_url":"https://api.github.com/users/Kashan724/repos","events_url":"https://api.github.com/users/Kashan724/events{/privacy}","received_events_url":"https://api.github.com/users/Kashan724/received_events","type":"User","site_admin":false,"name":"Muhammad Kashan","company":null,"blog":"","location":"Kamra, Punjab, Pakistan","email":null,"hireable":null,"bio":"Web Developer , Video Gamer","twitter_username":null,"public_repos":25,"public_gists":0,"followers":1,"following":1,"created_at":"2022-08-28T12:57:34Z","updated_at":"2024-04-26T12:49:01Z","private_gists":0,"total_private_repos":0,"owned_private_repos":0,"disk_usage":23865,"collaborators":0,"two_factor_authentication":false,"plan":{"name":"free","space":976562499,"collaborators":0,"private_repos":10000}}
[info] 
[info] +  Success! Logged into GitHub as Kashan724 
[info] 
